{"/home/rchgonzaga/Desktop/projects/hapi-project/app.js":{"path":"/home/rchgonzaga/Desktop/projects/hapi-project/app.js","s":{"1":1,"2":1,"3":1,"4":1,"5":1,"6":1,"7":0,"8":1,"9":0,"10":0,"11":0,"12":0,"13":1},"b":{"1":[0,1],"2":[0,0]},"f":{},"fnMap":{},"statementMap":{"1":{"start":{"line":3,"column":0},"end":{"line":3,"column":29}},"2":{"start":{"line":4,"column":0},"end":{"line":4,"column":27}},"3":{"start":{"line":5,"column":0},"end":{"line":5,"column":33}},"4":{"start":{"line":7,"column":0},"end":{"line":10,"column":3}},"5":{"start":{"line":12,"column":0},"end":{"line":17,"column":3}},"6":{"start":{"line":19,"column":0},"end":{"line":25,"column":3}},"7":{"start":{"line":23,"column":8},"end":{"line":23,"column":26}},"8":{"start":{"line":30,"column":0},"end":{"line":39,"column":1}},"9":{"start":{"line":31,"column":4},"end":{"line":36,"column":7}},"10":{"start":{"line":32,"column":8},"end":{"line":34,"column":9}},"11":{"start":{"line":33,"column":12},"end":{"line":33,"column":24}},"12":{"start":{"line":35,"column":8},"end":{"line":35,"column":50}},"13":{"start":{"line":38,"column":4},"end":{"line":38,"column":27}}},"branchMap":{"1":{"line":30,"type":"if","locations":[{"start":{"line":30,"column":0},"end":{"line":30,"column":0}},{"start":{"line":30,"column":0},"end":{"line":30,"column":0}}]},"2":{"line":32,"type":"if","locations":[{"start":{"line":32,"column":8},"end":{"line":32,"column":8}},{"start":{"line":32,"column":8},"end":{"line":32,"column":8}}]}}},"/home/rchgonzaga/Desktop/projects/hapi-project/resources/users/routes.js":{"path":"/home/rchgonzaga/Desktop/projects/hapi-project/resources/users/routes.js","s":{"1":1,"2":1,"3":1},"b":{},"f":{},"fnMap":{},"statementMap":{"1":{"start":{"line":3,"column":0},"end":{"line":3,"column":26}},"2":{"start":{"line":4,"column":0},"end":{"line":4,"column":38}},"3":{"start":{"line":6,"column":0},"end":{"line":18,"column":2}}},"branchMap":{}},"/home/rchgonzaga/Desktop/projects/hapi-project/resources/users/handlers.js":{"path":"/home/rchgonzaga/Desktop/projects/hapi-project/resources/users/handlers.js","s":{"1":1,"2":1,"3":0,"4":0,"5":0,"6":0},"b":{"1":[0,0]},"f":{},"fnMap":{},"statementMap":{"1":{"start":{"line":3,"column":0},"end":{"line":3,"column":28}},"2":{"start":{"line":5,"column":0},"end":{"line":14,"column":1}},"3":{"start":{"line":7,"column":4},"end":{"line":7,"column":48}},"4":{"start":{"line":9,"column":4},"end":{"line":13,"column":5}},"5":{"start":{"line":10,"column":8},"end":{"line":10,"column":55}},"6":{"start":{"line":12,"column":8},"end":{"line":12,"column":30}}},"branchMap":{"1":{"line":9,"type":"if","locations":[{"start":{"line":9,"column":4},"end":{"line":9,"column":4}},{"start":{"line":9,"column":4},"end":{"line":9,"column":4}}]}}}}