TN:
SF:/home/rchgonzaga/Desktop/projects/hapi-project/app.js
FNF:0
FNH:0
DA:3,1
DA:4,1
DA:5,1
DA:7,1
DA:12,1
DA:19,1
DA:23,0
DA:30,1
DA:31,0
DA:32,0
DA:33,0
DA:35,0
DA:38,1
LF:13
LH:8
BRDA:30,1,0,0
BRDA:30,1,1,1
BRDA:32,2,0,0
BRDA:32,2,1,0
BRF:4
BRH:1
end_of_record
TN:
SF:/home/rchgonzaga/Desktop/projects/hapi-project/resources/users/routes.js
FNF:0
FNH:0
DA:3,1
DA:4,1
DA:6,1
LF:3
LH:3
BRF:0
BRH:0
end_of_record
TN:
SF:/home/rchgonzaga/Desktop/projects/hapi-project/resources/users/handlers.js
FNF:0
FNH:0
DA:3,1
DA:5,1
DA:7,0
DA:9,0
DA:10,0
DA:12,0
LF:6
LH:2
BRDA:9,1,0,0
BRDA:9,1,1,0
BRF:2
BRH:0
end_of_record
